<?xml version="1.0" encoding="UTF-8"?>
<!-- Generated by org.testng.reporters.JUnitReportReporter -->
<testsuite hostname="DESKTOP-VD699CF" failures="0" tests="1" name="com.tests.restAssured.Getrequest" time="4.965" errors="0" timestamp="2022-11-23T11:31:41 IST" skipped="0">
  <testcase classname="com.tests.restAssured.Getrequest" name="getBooks" time="4.965"/>
  <system-out/>
</testsuite> <!-- com.tests.restAssured.Getrequest -->
